{
  "RSpec": {
    "coverage": {
      "/Users/ola/Projects/week-4/bookmark_manager/spec/bookmark_spec.rb": {
        "lines": [
          1,
          1,
          null,
          1,
          1,
          1,
          1,
          1,
          1,
          null,
          1,
          1,
          1,
          null,
          null,
          null
        ]
      },
      "/Users/ola/Projects/week-4/bookmark_manager/spec/features/helper.rb": {
        "lines": [
          1,
          null,
          1,
          2,
          null,
          2,
          null,
          2,
          null,
          null,
          1,
          null,
          2,
          null,
          2,
          null,
          null,
          2,
          null,
          null
        ]
      },
      "/Users/ola/Projects/week-4/bookmark_manager/spec/features/viewing_bookmarks_spec.rb": {
        "lines": [
          1,
          null,
          1,
          1,
          1,
          1,
          null,
          null,
          1,
          1,
          1,
          1,
          1,
          1,
          1,
          null,
          null
        ]
      }
    },
    "timestamp": 1591116282
  }
}
